[debug] [2023-11-26T05:39:39.319Z] ----------------------------------------------------------------------
[debug] [2023-11-26T05:39:39.324Z] Command:       C:\Program Files\nodejs\node.exe C:\Users\Documentos\AppData\Roaming\npm\node_modules\firebase-tools\lib\bin\firebase.js init hosting
[debug] [2023-11-26T05:39:39.324Z] CLI Version:   12.9.1
[debug] [2023-11-26T05:39:39.325Z] Platform:      win32
[debug] [2023-11-26T05:39:39.325Z] Node Version:  v18.13.0
[debug] [2023-11-26T05:39:39.326Z] Time:          Sun Nov 26 2023 00:39:39 GMT-0500 (hora estándar de Perú)
[debug] [2023-11-26T05:39:39.327Z] ----------------------------------------------------------------------
[debug] 
[debug] [2023-11-26T05:39:39.331Z] >>> [apiv2][query] GET https://firebase-public.firebaseio.com/cli.json [none]
[debug] [2023-11-26T05:39:39.407Z] > command requires scopes: ["email","openid","https://www.googleapis.com/auth/cloudplatformprojects.readonly","https://www.googleapis.com/auth/firebase","https://www.googleapis.com/auth/cloud-platform"]
[debug] [2023-11-26T05:39:39.408Z] > authorizing via signed-in user (arivadeneyrai@autonoma.edu.pe)
[info] 
     ######## #### ########  ######## ########     ###     ######  ########
     ##        ##  ##     ## ##       ##     ##  ##   ##  ##       ##
     ######    ##  ########  ######   ########  #########  ######  ######
     ##        ##  ##    ##  ##       ##     ## ##     ##       ## ##
     ##       #### ##     ## ######## ########  ##     ##  ######  ########

You're about to initialize a Firebase project in this directory:

  C:\ciclo-6\GestionDeInventario

Before we get started, keep in mind:

  * You are currently outside your home directory

[debug] [2023-11-26T05:39:39.866Z] <<< [apiv2][status] GET https://firebase-public.firebaseio.com/cli.json 200
[debug] [2023-11-26T05:39:39.867Z] <<< [apiv2][body] GET https://firebase-public.firebaseio.com/cli.json {"cloudBuildErrorAfter":1594252800000,"cloudBuildWarnAfter":1590019200000,"defaultNode10After":1594252800000,"minVersion":"3.0.5","node8DeploysDisabledAfter":1613390400000,"node8RuntimeDisabledAfter":1615809600000,"node8WarnAfter":1600128000000}
